<?xml version="1.0" encoding="UTF-8" standalone="yes" ?><test-results total="9" notrun="9" date="10/05/2013" time="10:53:38 AM" ><application name="DUnitXTest.exe" /><test-suite name="TDUnitX_WeakReferenceXMLNUnitTests" total="4" notrun="0"><results><test-case name="TDUnitX_WeakReferenceXMLNUnitTestsTDUnitX_WeakReferenceXMLNUnitTests.After_Being_Assigned_To_Another_Interface_Properties_Can_Be_Called" executed="True" success="True" time="0.000" result="Pass" /><test-case name="TDUnitX_WeakReferenceXMLNUnitTestsTDUnitX_WeakReferenceXMLNUnitTests.After_Being_Created_Interface_Properties_Can_Be_Called" executed="True" success="True" time="0.000" result="Pass" /><test-case name="TDUnitX_WeakReferenceXMLNUnitTestsTDUnitX_WeakReferenceXMLNUnitTests.After_The_Reference_Is_Freed_The_WeakReference_Data_Is_Nill" executed="True" success="True" time="0.000" result="Pass" /><test-case name="TDUnitX_WeakReferenceXMLNUnitTestsTDUnitX_WeakReferenceXMLNUnitTests.After_The_Reference_Is_Freed_The_WeakReference_Data_Is_Not_Alive" executed="True" success="True" time="0.001" result="Pass" /></results></test-suite><test-suite name="TDUnitX_LoggerXMLNUnitTests" total="5" notrun="0"><results><test-case name="TDUnitX_LoggerXMLNUnitTests.After_Creation_Filename_Is_Set" executed="True" success="False" time="0.003" result="Error"><failure name="EInvocationError" location=""><message>Parameter count mismatch</message></failure><status>STATUS: Err: Test Error : TDUnitX_LoggerXMLNUnitTests.After_Creation_Filename_Is_Set : Parameter count mismatch</status></test-case><test-case name="TDUnitX_LoggerXMLNUnitTestsTDUnitX_LoggerXMLNUnitTests.OnTestingStarts_Fills_The_Start_Of_The_Stream_With_Header_Info" executed="True" success="True" time="0.000" result="Pass" /><test-case name="TDUnitX_LoggerXMLNUnitTestsTDUnitX_LoggerXMLNUnitTests.OnTestingEnds_Fills_The_End_Of_The_Stream_With_Testing_Result_Info" executed="True" success="False" time="0.004" result="Failure"><failure name="ETestFailure" location=""><message>left  but got &lt;statistics&gt;
&lt;stat name="tests" value="6" /&gt;
&lt;stat name="failures" value="3" /&gt;
&lt;stat name="errors" value="1" /&gt;
&lt;stat name="success-rate" value="50%" /&gt;
&lt;stat name="started-at" value="1/02/2000 11:32:50 AM" /&gt;
&lt;stat name="finished-at" value="28/02/2000 12:34:55 PM" /&gt;
&lt;stat name="runtime" value="80129.120"/&gt;
&lt;/statistics&gt;
&lt;/test-results&gt;</message></failure><status>STATUS: Err: Test failed : TDUnitX_LoggerXMLNUnitTests.OnTestingEnds_Fills_The_End_Of_The_Stream_With_Testing_Result_Info : left  but got &lt;statistics&gt;
&lt;stat name="tests" value="6" /&gt;
&lt;stat name="failures" value="3" /&gt;
&lt;stat name="errors" value="1" /&gt;
&lt;stat name="success-rate" value="50%" /&gt;
&lt;stat name="started-at" value="1/02/2000 11:32:50 AM" /&gt;
&lt;stat name="finished-at" value="28/02/2000 12:34:55 PM" /&gt;
&lt;stat name="runtime" value="80129.120"/&gt;
&lt;/statistics&gt;
&lt;/test-results&gt;</status></test-case><test-case name="TDUnitX_LoggerXMLNUnitTestsTDUnitX_LoggerXMLNUnitTests.OnTestWarning_Adds_Warnings_To_Be_Written_Out_On_Next_Error" executed="True" success="True" time="0.000" result="Pass" /><test-case name="TDUnitX_LoggerXMLNUnitTestsTDUnitX_LoggerXMLNUnitTests.Failure" executed="True" success="False" time="0.003" result="Failure"><failure name="ETestFailure" location=""><message>My Message!</message></failure><status>STATUS: Err: Test failed : TDUnitX_LoggerXMLNUnitTests.Failure : My Message!</status></test-case></results></test-suite>